2018-08-08 14:41:58 INFO  ConfigForTests:23 -  Launch Auto Ria page
2018-08-08 14:41:59 INFO  MainPageHeaderLinks:44 - Click on Автотовари link
2018-08-08 14:41:59 INFO  Waiters:18 - Start waiting
2018-08-08 14:41:59 INFO  Waiters:25 - Finish waiting
2018-08-08 14:41:59 INFO  Waiters:18 - Start waiting
2018-08-08 14:41:59 INFO  Waiters:25 - Finish waiting
2018-08-08 14:41:59 INFO  Waiters:18 - Start waiting
2018-08-08 14:41:59 INFO  Waiters:25 - Finish waiting
2018-08-08 14:41:59 INFO  Waiters:18 - Start waiting
2018-08-08 14:41:59 INFO  Waiters:25 - Finish waiting
2018-08-08 14:41:59 INFO  Waiters:18 - Start waiting
2018-08-08 14:42:01 INFO  Waiters:25 - Finish waiting
2018-08-08 14:42:01 INFO  MainPageHeaderLinks:44 - Get actual title
2018-08-08 14:42:01 INFO  MainPageHeaderLinks:44 - Get current URL
2018-08-08 14:42:01 INFO  MainPageHeaderLinks:44 - The Автотовари link is successfully loaded
2018-08-08 14:42:02 INFO  ConfigForTests:23 - Close Auto Ria
2018-08-08 14:42:08 INFO  ConfigForTests:23 -  Launch Auto Ria page
2018-08-08 14:42:08 INFO  MainPageHeaderLinks:44 - Click on Автозапчастини link
2018-08-08 14:42:08 INFO  Waiters:18 - Start waiting
2018-08-08 14:42:08 INFO  Waiters:25 - Finish waiting
2018-08-08 14:42:08 INFO  Waiters:18 - Start waiting
2018-08-08 14:42:08 INFO  Waiters:25 - Finish waiting
2018-08-08 14:42:08 INFO  Waiters:18 - Start waiting
2018-08-08 14:42:08 INFO  Waiters:25 - Finish waiting
2018-08-08 14:42:08 INFO  Waiters:18 - Start waiting
2018-08-08 14:42:08 INFO  Waiters:25 - Finish waiting
2018-08-08 14:42:08 INFO  Waiters:18 - Start waiting
2018-08-08 14:42:09 INFO  Waiters:25 - Finish waiting
2018-08-08 14:42:09 INFO  MainPageHeaderLinks:44 - Get actual title
2018-08-08 14:42:09 INFO  MainPageHeaderLinks:44 - Get current URL
2018-08-08 14:42:09 INFO  MainPageHeaderLinks:44 - The Автозапчастини link is successfully loaded
2018-08-08 14:42:10 INFO  ConfigForTests:23 - Close Auto Ria
2018-08-08 14:42:19 INFO  ConfigForTests:23 -  Launch Auto Ria page
2018-08-08 14:42:19 INFO  MainPageHeaderLinks:44 - Click on Нерухомість link
2018-08-08 14:42:19 INFO  Waiters:18 - Start waiting
2018-08-08 14:42:19 INFO  Waiters:25 - Finish waiting
2018-08-08 14:42:19 INFO  Waiters:18 - Start waiting
2018-08-08 14:42:19 INFO  Waiters:25 - Finish waiting
2018-08-08 14:42:19 INFO  Waiters:18 - Start waiting
2018-08-08 14:42:19 INFO  Waiters:25 - Finish waiting
2018-08-08 14:42:19 INFO  Waiters:18 - Start waiting
2018-08-08 14:42:19 INFO  Waiters:25 - Finish waiting
2018-08-08 14:42:19 INFO  Waiters:18 - Start waiting
2018-08-08 14:42:23 INFO  Waiters:25 - Finish waiting
2018-08-08 14:42:23 INFO  MainPageHeaderLinks:44 - Get actual title
2018-08-08 14:42:23 INFO  MainPageHeaderLinks:44 - Get current URL
2018-08-08 14:42:23 INFO  MainPageHeaderLinks:44 - The Нерухомість link is successfully loaded
2018-08-08 14:42:24 INFO  ConfigForTests:23 - Close Auto Ria
2018-08-08 14:42:29 INFO  ConfigForTests:23 -  Launch Auto Ria page
2018-08-08 14:42:29 INFO  MainPageHeaderLinks:44 - Click on Ria.com link
2018-08-08 14:42:29 INFO  Waiters:18 - Start waiting
2018-08-08 14:42:29 INFO  Waiters:25 - Finish waiting
2018-08-08 14:42:29 INFO  Waiters:18 - Start waiting
2018-08-08 14:42:29 INFO  Waiters:25 - Finish waiting
2018-08-08 14:42:29 INFO  Waiters:18 - Start waiting
2018-08-08 14:42:29 INFO  Waiters:25 - Finish waiting
2018-08-08 14:42:29 INFO  Waiters:18 - Start waiting
2018-08-08 14:42:29 INFO  Waiters:25 - Finish waiting
2018-08-08 14:42:29 INFO  Waiters:18 - Start waiting
2018-08-08 14:42:30 INFO  Waiters:25 - Finish waiting
2018-08-08 14:42:30 INFO  MainPageHeaderLinks:44 - Get actual title
2018-08-08 14:42:31 INFO  MainPageHeaderLinks:44 - Get current URL
2018-08-08 14:42:31 INFO  MainPageHeaderLinks:44 - The Ria.com link is successfully loaded
2018-08-08 14:42:32 INFO  ConfigForTests:23 - Close Auto Ria
2018-08-08 16:11:13 INFO  ConfigForTests:23 -  Launch Auto Ria page
2018-08-08 16:11:13 INFO  MainPageHeaderLinks:44 - Click on Нерухомість link
2018-08-08 16:11:13 INFO  Waiters:18 - Start waiting
2018-08-08 16:11:13 INFO  Waiters:25 - Finish waiting
2018-08-08 16:11:13 INFO  Waiters:18 - Start waiting
2018-08-08 16:11:13 INFO  Waiters:25 - Finish waiting
2018-08-08 16:11:13 INFO  Waiters:18 - Start waiting
2018-08-08 16:11:13 INFO  Waiters:25 - Finish waiting
2018-08-08 16:11:13 INFO  Waiters:18 - Start waiting
2018-08-08 16:11:13 INFO  Waiters:25 - Finish waiting
2018-08-08 16:11:13 INFO  Waiters:18 - Start waiting
2018-08-08 16:11:15 INFO  Waiters:25 - Finish waiting
2018-08-08 16:11:15 INFO  MainPageHeaderLinks:44 - Get actual title
2018-08-08 16:11:15 INFO  MainPageHeaderLinks:44 - Get current URL
2018-08-08 16:11:16 INFO  MainPageHeaderLinks:44 - The Нерухомість link is successfully loaded
2018-08-08 16:11:17 INFO  ConfigForTests:23 - Close Auto Ria
2018-08-08 16:13:21 INFO  ConfigForTests:23 -  Launch Auto Ria page
2018-08-08 16:13:21 INFO  MainPageSearch:64 - Select year from
2018-08-08 16:13:21 INFO  MainPageSearch:64 - Select year to
2018-08-08 16:13:21 INFO  MainPageSearch:64 - Click search button
2018-08-08 16:13:25 INFO  ConfigForTests:23 - Screenshot have been added to Allure Report.
2018-08-08 16:13:26 INFO  ConfigForTests:23 - Close Auto Ria
2018-08-08 16:27:18 INFO  ConfigForTests:23 -  Launch Auto Ria page
2018-08-08 16:27:19 INFO  MainPageSearch:64 - Select year from
2018-08-08 16:27:19 INFO  MainPageSearch:64 - Select year to
2018-08-08 16:27:19 INFO  MainPageSearch:64 - Click search button
2018-08-08 16:27:22 INFO  ConfigForTests:23 - Screenshot have been added to Allure Report.
2018-08-08 16:27:24 INFO  ConfigForTests:23 - Close Auto Ria
2018-08-08 16:29:11 INFO  ConfigForTests:23 -  Launch Auto Ria page
2018-08-08 16:29:11 INFO  MainPageSearch:64 - Select year from
2018-08-08 16:29:11 INFO  MainPageSearch:64 - Select year to
2018-08-08 16:29:11 INFO  MainPageSearch:64 - Click search button
2018-08-08 16:29:15 INFO  ConfigForTests:23 - Screenshot have been added to Allure Report.
2018-08-08 16:29:16 INFO  ConfigForTests:23 - Close Auto Ria
2018-08-08 16:29:52 INFO  ConfigForTests:23 -  Launch Auto Ria page
2018-08-08 16:29:52 INFO  MainPageSearch:64 - Select year from
2018-08-08 16:29:53 INFO  MainPageSearch:64 - Select year to
2018-08-08 16:29:53 INFO  MainPageSearch:64 - Click search button
2018-08-08 16:29:56 INFO  ConfigForTests:23 - Screenshot have been added to Allure Report.
2018-08-08 16:29:57 INFO  ConfigForTests:23 - Close Auto Ria
2018-08-08 16:30:59 INFO  ConfigForTests:23 -  Launch Auto Ria page
2018-08-08 16:31:00 INFO  MainPageSearch:64 - Select year from
2018-08-08 16:31:00 INFO  MainPageSearch:64 - Select year to
2018-08-08 16:31:00 INFO  MainPageSearch:64 - Click search button
2018-08-08 16:31:11 INFO  ConfigForTests:23 - Screenshot have been added to Allure Report.
2018-08-08 16:31:12 INFO  ConfigForTests:23 - Close Auto Ria
2018-08-08 16:32:21 INFO  ConfigForTests:23 -  Launch Auto Ria page
2018-08-08 16:32:22 INFO  MainPageSearch:64 - Select year from
2018-08-08 16:32:22 INFO  MainPageSearch:64 - Select year to
2018-08-08 16:32:22 INFO  MainPageSearch:64 - Click search button
2018-08-08 16:32:29 INFO  ConfigForTests:23 - Screenshot have been added to Allure Report.
2018-08-08 16:32:30 INFO  ConfigForTests:23 - Close Auto Ria
2018-08-09 10:52:41 INFO  ConfigForTests:23 -  Launch Auto Ria page
2018-08-09 10:52:41 INFO  MainPageSearch:64 - Select year from
2018-08-09 10:52:42 INFO  MainPageSearch:64 - Select year to
2018-08-09 10:52:42 INFO  MainPageSearch:64 - Click search button
2018-08-09 10:52:46 INFO  ConfigForTests:23 - Close Auto Ria
2018-08-09 13:25:56 INFO  ConfigForTests:23 -  Launch Auto Ria page
2018-08-09 13:25:56 INFO  MainPageSearch:64 - Select year from
2018-08-09 13:25:56 INFO  MainPageSearch:64 - Select year to
2018-08-09 13:25:57 INFO  MainPageSearch:64 - Click search button
2018-08-09 13:26:02 INFO  ConfigForTests:23 - Close Auto Ria
2018-08-09 13:27:00 INFO  ConfigForTests:23 -  Launch Auto Ria page
2018-08-09 13:27:01 INFO  MainPageSearch:64 - Select year from
2018-08-09 13:27:01 INFO  MainPageSearch:64 - Select year to
2018-08-09 13:27:01 INFO  MainPageSearch:64 - Click search button
2018-08-09 13:27:07 INFO  ConfigForTests:23 - Close Auto Ria
2018-08-09 13:27:30 INFO  ConfigForTests:23 -  Launch Auto Ria page
2018-08-09 13:27:30 INFO  MainPageSearch:64 - Select year from
2018-08-09 13:27:30 INFO  MainPageSearch:64 - Select year to
2018-08-09 13:27:30 INFO  MainPageSearch:64 - Click search button
2018-08-09 13:27:35 INFO  ConfigForTests:23 - Close Auto Ria
2018-08-09 13:28:18 INFO  ConfigForTests:23 -  Launch Auto Ria page
2018-08-09 13:28:18 INFO  MainPageSearch:64 - Select year from
2018-08-09 13:28:18 INFO  MainPageSearch:64 - Select year to
2018-08-09 13:28:18 INFO  MainPageSearch:64 - Click search button
2018-08-09 13:28:29 INFO  ConfigForTests:23 - Close Auto Ria
2018-08-09 13:28:53 INFO  ConfigForTests:23 -  Launch Auto Ria page
2018-08-09 13:28:54 INFO  MainPageSearch:64 - Select year from
2018-08-09 13:28:54 INFO  MainPageSearch:64 - Select year to
2018-08-09 13:28:54 INFO  MainPageSearch:64 - Click search button
2018-08-09 13:28:58 INFO  ConfigForTests:23 - Close Auto Ria
2018-08-09 13:29:26 INFO  ConfigForTests:23 -  Launch Auto Ria page
2018-08-09 13:29:26 INFO  MainPageSearch:64 - Select year from
2018-08-09 13:29:27 INFO  MainPageSearch:64 - Select year to
2018-08-09 13:29:27 INFO  MainPageSearch:64 - Click search button
2018-08-09 13:29:39 INFO  ConfigForTests:23 - Close Auto Ria
2018-08-09 13:39:14 INFO  ConfigForTests:23 -  Launch Auto Ria page
2018-08-09 13:39:14 INFO  MainPageSearch:64 - Select year from
2018-08-09 13:39:14 INFO  MainPageSearch:64 - Select year to
2018-08-09 13:39:15 INFO  MainPageSearch:64 - Click search button
2018-08-09 13:39:20 INFO  ConfigForTests:23 - Close Auto Ria
2018-08-09 13:39:25 INFO  ConfigForTests:23 -  Launch Auto Ria page
2018-08-09 13:39:26 INFO  MainPageSearch:64 - Select year from
2018-08-09 13:39:26 INFO  MainPageSearch:64 - Select year to
2018-08-09 13:39:26 INFO  MainPageSearch:64 - Click search button
2018-08-09 13:39:31 INFO  ConfigForTests:23 - Close Auto Ria
2018-08-09 13:39:37 INFO  ConfigForTests:23 -  Launch Auto Ria page
2018-08-09 13:39:37 INFO  MainPageSearch:64 - Select year from
2018-08-09 13:39:37 INFO  MainPageSearch:64 - Select year to
2018-08-09 13:39:37 INFO  MainPageSearch:64 - Click search button
2018-08-09 13:39:42 INFO  ConfigForTests:23 - Close Auto Ria
2018-08-09 13:46:47 INFO  ConfigForTests:23 -  Launch Auto Ria page
2018-08-09 13:46:49 INFO  ConfigForTests:23 - Screenshot have been added to Allure Report.
2018-08-09 13:46:50 INFO  ConfigForTests:23 - Close Auto Ria
2018-08-09 13:46:56 INFO  ConfigForTests:23 -  Launch Auto Ria page
2018-08-09 13:46:57 INFO  ConfigForTests:23 - Screenshot have been added to Allure Report.
2018-08-09 13:46:59 INFO  ConfigForTests:23 - Close Auto Ria
2018-08-09 13:47:05 INFO  ConfigForTests:23 -  Launch Auto Ria page
2018-08-09 13:47:06 INFO  ConfigForTests:23 - Screenshot have been added to Allure Report.
2018-08-09 13:47:07 INFO  ConfigForTests:23 - Close Auto Ria
2018-08-09 13:48:26 INFO  ConfigForTests:23 -  Launch Auto Ria page
2018-08-09 13:48:29 INFO  ConfigForTests:23 - Screenshot have been added to Allure Report.
2018-08-09 13:48:30 INFO  ConfigForTests:23 - Close Auto Ria
2018-08-09 13:48:50 INFO  ConfigForTests:23 -  Launch Auto Ria page
2018-08-09 13:49:54 INFO  ConfigForTests:23 -  Launch Auto Ria page
2018-08-09 13:49:54 INFO  MainPageSearch:64 - Select car brand
2018-08-09 13:49:55 INFO  MainPageSearch:64 - Select car model
2018-08-09 13:49:55 INFO  MainPageSearch:64 - Click search button
2018-08-09 13:50:00 INFO  ConfigForTests:23 - Close Auto Ria
2018-08-09 13:50:06 INFO  ConfigForTests:23 -  Launch Auto Ria page
2018-08-09 13:50:07 INFO  MainPageSearch:64 - Select car brand
2018-08-09 13:50:08 INFO  MainPageSearch:64 - Select car model
2018-08-09 13:50:08 INFO  MainPageSearch:64 - Click search button
2018-08-09 13:50:13 INFO  ConfigForTests:23 - Close Auto Ria
2018-08-09 13:50:18 INFO  ConfigForTests:23 -  Launch Auto Ria page
2018-08-09 13:50:19 INFO  MainPageSearch:64 - Select car brand
2018-08-09 13:50:19 INFO  MainPageSearch:64 - Select car model
2018-08-09 13:50:19 INFO  MainPageSearch:64 - Click search button
2018-08-09 13:50:25 INFO  ConfigForTests:23 - Close Auto Ria
2018-08-09 13:53:08 INFO  ConfigForTests:23 -  Launch Auto Ria page
2018-08-09 13:53:09 INFO  MainPageSearch:64 - Select region
2018-08-09 13:53:09 INFO  MainPageSearch:64 - Click search button
2018-08-09 13:53:12 INFO  ConfigForTests:23 - Screenshot have been added to Allure Report.
2018-08-09 13:53:14 INFO  ConfigForTests:23 - Close Auto Ria
2018-08-09 13:53:19 INFO  ConfigForTests:23 -  Launch Auto Ria page
2018-08-09 13:53:20 INFO  MainPageSearch:64 - Select region
2018-08-09 13:53:20 INFO  MainPageSearch:64 - Click search button
2018-08-09 13:53:24 INFO  ConfigForTests:23 - Close Auto Ria
2018-08-09 13:53:30 INFO  ConfigForTests:23 -  Launch Auto Ria page
2018-08-09 13:53:30 INFO  MainPageSearch:64 - Select region
2018-08-09 13:53:30 INFO  MainPageSearch:64 - Click search button
2018-08-09 13:53:33 INFO  ConfigForTests:23 - Screenshot have been added to Allure Report.
2018-08-09 13:53:35 INFO  ConfigForTests:23 - Close Auto Ria
2018-08-09 13:53:40 INFO  ConfigForTests:23 -  Launch Auto Ria page
2018-08-09 13:53:41 INFO  MainPageSearch:64 - Select car brand
2018-08-09 13:53:41 INFO  MainPageSearch:64 - Select car model
2018-08-09 13:53:41 INFO  MainPageSearch:64 - Click search button
2018-08-09 13:53:46 INFO  ConfigForTests:23 - Close Auto Ria
2018-08-09 13:53:52 INFO  ConfigForTests:23 -  Launch Auto Ria page
2018-08-09 13:53:52 INFO  MainPageSearch:64 - Select car brand
2018-08-09 13:53:53 INFO  MainPageSearch:64 - Select car model
2018-08-09 13:53:53 INFO  MainPageSearch:64 - Click search button
2018-08-09 13:53:59 INFO  ConfigForTests:23 - Close Auto Ria
2018-08-09 13:54:04 INFO  ConfigForTests:23 -  Launch Auto Ria page
2018-08-09 13:54:05 INFO  MainPageSearch:64 - Select car brand
2018-08-09 13:54:05 INFO  MainPageSearch:64 - Select car model
2018-08-09 13:54:05 INFO  MainPageSearch:64 - Click search button
2018-08-09 13:54:10 INFO  ConfigForTests:23 - Close Auto Ria
2018-08-09 13:54:47 INFO  ConfigForTests:23 -  Launch Auto Ria page
2018-08-09 13:54:48 INFO  MainPageSearch:64 - Select region
2018-08-09 13:54:48 INFO  MainPageSearch:64 - Click search button
2018-08-09 13:54:51 INFO  ConfigForTests:23 - Screenshot have been added to Allure Report.
2018-08-09 13:54:53 INFO  ConfigForTests:23 - Close Auto Ria
2018-08-09 13:54:59 INFO  ConfigForTests:23 -  Launch Auto Ria page
2018-08-09 13:54:59 INFO  MainPageSearch:64 - Select region
2018-08-09 13:54:59 INFO  MainPageSearch:64 - Click search button
2018-08-09 13:55:04 INFO  ConfigForTests:23 - Close Auto Ria
2018-08-09 13:55:10 INFO  ConfigForTests:23 -  Launch Auto Ria page
2018-08-09 13:55:10 INFO  MainPageSearch:64 - Select region
2018-08-09 13:55:10 INFO  MainPageSearch:64 - Click search button
2018-08-09 13:55:14 INFO  ConfigForTests:23 - Screenshot have been added to Allure Report.
2018-08-09 13:55:15 INFO  ConfigForTests:23 - Close Auto Ria
2018-08-09 13:57:23 INFO  ConfigForTests:23 -  Launch Auto Ria page
2018-08-09 13:57:24 INFO  MainPageSearch:64 - Select region
2018-08-09 13:57:24 INFO  MainPageSearch:64 - Click search button
2018-08-09 13:57:28 INFO  ConfigForTests:23 - Screenshot have been added to Allure Report.
2018-08-09 13:57:30 INFO  ConfigForTests:23 - Close Auto Ria
2018-08-09 13:57:36 INFO  ConfigForTests:23 -  Launch Auto Ria page
2018-08-09 13:58:00 INFO  ConfigForTests:23 -  Launch Auto Ria page
2018-08-09 13:58:02 INFO  MainPageSearch:64 - Select region
2018-08-09 13:58:02 INFO  MainPageSearch:64 - Click search button
2018-08-09 13:58:05 INFO  ConfigForTests:23 - Screenshot have been added to Allure Report.
2018-08-09 13:58:07 INFO  ConfigForTests:23 - Close Auto Ria
2018-08-09 13:58:14 INFO  ConfigForTests:23 -  Launch Auto Ria page
2018-08-09 13:58:14 INFO  MainPageSearch:64 - Select region
2018-08-09 13:58:14 INFO  MainPageSearch:64 - Click search button
2018-08-09 13:58:20 INFO  ConfigForTests:23 - Close Auto Ria
2018-08-09 13:58:26 INFO  ConfigForTests:23 -  Launch Auto Ria page
2018-08-09 13:58:26 INFO  MainPageSearch:64 - Select region
2018-08-09 13:58:27 INFO  MainPageSearch:64 - Click search button
2018-08-09 13:58:31 INFO  ConfigForTests:23 - Screenshot have been added to Allure Report.
2018-08-09 13:58:33 INFO  ConfigForTests:23 - Close Auto Ria
2018-08-09 13:59:47 INFO  ConfigForTests:23 -  Launch Auto Ria page
2018-08-09 13:59:47 INFO  MainPageSearch:64 - Select region
2018-08-09 13:59:47 INFO  MainPageSearch:64 - Click search button
2018-08-09 13:59:52 INFO  ConfigForTests:23 - Screenshot have been added to Allure Report.
2018-08-09 13:59:54 INFO  ConfigForTests:23 - Close Auto Ria
2018-08-09 14:00:00 INFO  ConfigForTests:23 -  Launch Auto Ria page
2018-08-09 14:00:01 INFO  MainPageSearch:64 - Select region
2018-08-09 14:00:01 INFO  MainPageSearch:64 - Click search button
2018-08-09 14:00:06 INFO  ConfigForTests:23 - Close Auto Ria
2018-08-09 14:00:12 INFO  ConfigForTests:23 -  Launch Auto Ria page
2018-08-09 14:00:13 INFO  MainPageSearch:64 - Select region
2018-08-09 14:00:13 INFO  MainPageSearch:64 - Click search button
2018-08-09 14:00:17 INFO  ConfigForTests:23 - Screenshot have been added to Allure Report.
2018-08-09 14:00:19 INFO  ConfigForTests:23 - Close Auto Ria
2018-08-09 14:43:37 INFO  ConfigForTests:23 -  Launch Auto Ria page
2018-08-09 14:43:37 INFO  MainPageSearch:64 - Select price from
2018-08-09 14:43:37 INFO  MainPageSearch:64 - Select price to
2018-08-09 14:43:37 INFO  MainPageSearch:64 - Click search button
2018-08-09 14:43:41 INFO  ConfigForTests:23 - Screenshot have been added to Allure Report.
2018-08-09 14:43:42 INFO  ConfigForTests:23 - Close Auto Ria
2018-08-09 14:43:49 INFO  ConfigForTests:23 -  Launch Auto Ria page
2018-08-09 14:43:49 INFO  MainPageSearch:64 - Select price from
2018-08-09 14:43:49 INFO  MainPageSearch:64 - Select price to
2018-08-09 14:43:49 INFO  MainPageSearch:64 - Click search button
2018-08-09 14:43:53 INFO  ConfigForTests:23 - Screenshot have been added to Allure Report.
2018-08-09 14:43:54 INFO  ConfigForTests:23 - Close Auto Ria
2018-08-09 14:43:59 INFO  ConfigForTests:23 -  Launch Auto Ria page
2018-08-09 14:44:00 INFO  MainPageSearch:64 - Select price from
2018-08-09 14:44:00 INFO  MainPageSearch:64 - Select price to
2018-08-09 14:44:05 INFO  MainPageSearch:64 - Click search button
2018-08-09 14:44:08 INFO  ConfigForTests:23 - Screenshot have been added to Allure Report.
2018-08-09 14:44:10 INFO  ConfigForTests:23 - Close Auto Ria
2018-08-09 14:48:56 INFO  ConfigForTests:23 -  Launch Auto Ria page
2018-08-09 14:48:57 INFO  MainPageSearch:64 - Select price from
2018-08-09 14:48:57 INFO  MainPageSearch:64 - Select price to
2018-08-09 14:48:58 INFO  MainPageSearch:64 - Click search button
2018-08-09 14:49:01 INFO  ConfigForTests:23 - Screenshot have been added to Allure Report.
2018-08-09 14:49:03 INFO  ConfigForTests:23 - Close Auto Ria
2018-08-09 14:49:12 INFO  ConfigForTests:23 -  Launch Auto Ria page
2018-08-09 14:49:12 INFO  MainPageSearch:64 - Select price from
2018-08-09 14:49:13 INFO  MainPageSearch:64 - Select price to
2018-08-09 14:49:13 INFO  MainPageSearch:64 - Click search button
2018-08-09 14:49:17 INFO  ConfigForTests:23 - Screenshot have been added to Allure Report.
2018-08-09 14:49:19 INFO  ConfigForTests:23 - Close Auto Ria
2018-08-09 14:49:25 INFO  ConfigForTests:23 -  Launch Auto Ria page
2018-08-09 14:49:25 INFO  MainPageSearch:64 - Select price from
2018-08-09 14:49:25 INFO  MainPageSearch:64 - Select price to
2018-08-09 14:49:26 INFO  MainPageSearch:64 - Click search button
2018-08-09 14:49:29 INFO  ConfigForTests:23 - Screenshot have been added to Allure Report.
2018-08-09 14:49:31 INFO  ConfigForTests:23 - Close Auto Ria
2018-08-09 14:51:32 INFO  ConfigForTests:23 -  Launch Auto Ria page
2018-08-09 14:51:32 INFO  MainPageSearch:64 - Select price from
2018-08-09 14:51:32 INFO  MainPageSearch:64 - Select price to
2018-08-09 14:51:32 INFO  MainPageSearch:64 - Click search button
2018-08-09 14:51:36 INFO  SearchPageResults:37 - Check the results of search for the price
2018-08-09 14:51:37 INFO  ConfigForTests:23 - Close Auto Ria
2018-08-09 14:51:44 INFO  ConfigForTests:23 -  Launch Auto Ria page
2018-08-09 14:51:44 INFO  MainPageSearch:64 - Select price from
2018-08-09 14:51:44 INFO  MainPageSearch:64 - Select price to
2018-08-09 14:51:44 INFO  MainPageSearch:64 - Click search button
2018-08-09 14:51:48 INFO  SearchPageResults:37 - Check the results of search for the price
2018-08-09 14:51:49 INFO  ConfigForTests:23 - Close Auto Ria
2018-08-09 14:51:54 INFO  ConfigForTests:23 -  Launch Auto Ria page
2018-08-09 14:51:54 INFO  MainPageSearch:64 - Select price from
2018-08-09 14:51:55 INFO  MainPageSearch:64 - Select price to
2018-08-09 14:51:55 INFO  MainPageSearch:64 - Click search button
2018-08-09 14:51:58 INFO  SearchPageResults:37 - Check the results of search for the price
2018-08-09 14:51:59 INFO  ConfigForTests:23 - Close Auto Ria
2018-08-09 16:42:55 INFO  ConfigForTests:23 -  Launch Auto Ria page
2018-08-09 16:43:08 INFO  MainPageLogin:68 - Click on login link
2018-08-09 16:43:18 INFO  MainPageLogin:68 - Switch to frame
2018-08-09 16:43:18 INFO  MainPageLogin:68 - Click on registration link
2018-08-09 16:43:18 INFO  MainPageLogin:68 - Input the telephone number
2018-08-09 16:43:18 INFO  MainPageLogin:68 -  Click on the continue button
2018-08-09 16:43:19 INFO  MainPageLogin:68 -  Get the message
2018-08-09 16:43:19 INFO  ConfigForTests:23 - Screenshot have been added to Allure Report.
2018-08-09 16:43:20 INFO  ConfigForTests:23 - Close Auto Ria
2018-08-09 16:43:25 INFO  ConfigForTests:23 -  Launch Auto Ria page
2018-08-09 16:44:54 INFO  ConfigForTests:23 -  Launch Auto Ria page
2018-08-09 16:44:58 INFO  MainPageLogin:68 - Click on login link
2018-08-09 16:45:08 INFO  MainPageLogin:68 - Switch to frame
2018-08-09 16:45:08 INFO  MainPageLogin:68 - Click on registration link
2018-08-09 16:45:09 INFO  MainPageLogin:68 - Input the telephone number
2018-08-09 16:45:09 INFO  MainPageLogin:68 -  Click on the continue button
2018-08-09 16:45:09 INFO  MainPageLogin:68 -  Get the message
2018-08-09 16:45:10 INFO  ConfigForTests:23 - Close Auto Ria
2018-08-10 13:53:09 INFO  ConfigForTests:25 -  Launch Auto Ria page
2018-08-10 13:53:09 INFO  MainPageHeaderLinks:44 - Click on Ria.com link
2018-08-10 13:53:09 INFO  Waiters:18 - Start waiting
2018-08-10 13:53:09 INFO  Waiters:25 - Finish waiting
2018-08-10 13:53:09 INFO  Waiters:18 - Start waiting
2018-08-10 13:53:09 INFO  Waiters:25 - Finish waiting
2018-08-10 13:53:09 INFO  Waiters:18 - Start waiting
2018-08-10 13:53:09 INFO  Waiters:25 - Finish waiting
2018-08-10 13:53:09 INFO  Waiters:18 - Start waiting
2018-08-10 13:53:09 INFO  Waiters:25 - Finish waiting
2018-08-10 13:53:10 INFO  Waiters:18 - Start waiting
2018-08-10 13:53:11 INFO  Waiters:25 - Finish waiting
2018-08-10 13:53:11 INFO  MainPageHeaderLinks:44 - Get actual title
2018-08-10 13:53:11 INFO  MainPageHeaderLinks:44 - Get current URL
2018-08-10 13:53:11 INFO  MainPageHeaderLinks:44 - The Ria.com link is successfully loaded
2018-08-10 13:53:12 INFO  ConfigForTests:25 - Close Auto Ria
2018-08-10 13:53:53 INFO  ConfigForTests:25 -  Launch Auto Ria page
2018-08-10 13:53:54 INFO  MainPageHeaderLinks:44 - Click on Ria.com link
2018-08-10 13:53:54 INFO  Waiters:18 - Start waiting
2018-08-10 13:53:54 INFO  Waiters:25 - Finish waiting
2018-08-10 13:53:54 INFO  Waiters:18 - Start waiting
2018-08-10 13:53:54 INFO  Waiters:25 - Finish waiting
2018-08-10 13:53:54 INFO  Waiters:18 - Start waiting
2018-08-10 13:53:54 INFO  Waiters:25 - Finish waiting
2018-08-10 13:53:54 INFO  Waiters:18 - Start waiting
2018-08-10 13:53:54 INFO  Waiters:25 - Finish waiting
2018-08-10 13:53:54 INFO  Waiters:18 - Start waiting
2018-08-10 13:53:58 INFO  Waiters:25 - Finish waiting
2018-08-10 13:53:58 INFO  MainPageHeaderLinks:44 - Get actual title
2018-08-10 13:53:58 INFO  MainPageHeaderLinks:44 - Get current URL
2018-08-10 13:53:58 INFO  MainPageHeaderLinks:44 - The Ria.com link is successfully loaded
2018-08-10 13:53:59 INFO  ConfigForTests:25 - Close Auto Ria
2018-08-10 13:54:51 INFO  ConfigForTests:25 -  Launch Auto Ria page
2018-08-10 13:54:51 INFO  MainPageHeaderLinks:44 - Click on Ria.com link
2018-08-10 13:54:51 INFO  Waiters:18 - Start waiting
2018-08-10 13:54:51 INFO  Waiters:25 - Finish waiting
2018-08-10 13:54:51 INFO  Waiters:18 - Start waiting
2018-08-10 13:54:51 INFO  Waiters:25 - Finish waiting
2018-08-10 13:54:51 INFO  Waiters:18 - Start waiting
2018-08-10 13:54:51 INFO  Waiters:25 - Finish waiting
2018-08-10 13:54:51 INFO  Waiters:18 - Start waiting
2018-08-10 13:54:51 INFO  Waiters:25 - Finish waiting
2018-08-10 13:54:51 INFO  Waiters:18 - Start waiting
2018-08-10 13:54:52 INFO  Waiters:25 - Finish waiting
2018-08-10 13:54:52 INFO  MainPageHeaderLinks:44 - Get actual title
2018-08-10 13:54:52 INFO  MainPageHeaderLinks:44 - Get current URL
2018-08-10 13:54:52 INFO  MainPageHeaderLinks:44 - The Ria.com link is successfully loaded
2018-08-10 13:54:53 INFO  ConfigForTests:25 - Close Auto Ria
2018-08-10 14:10:31 INFO  ConfigForTests:23 -  Launch Auto Ria page
2018-08-10 14:10:31 INFO  MainPageHeaderLinks:44 - Click on Ria.com link
2018-08-10 14:10:31 INFO  Waiters:18 - Start waiting
2018-08-10 14:10:31 INFO  Waiters:25 - Finish waiting
2018-08-10 14:10:32 INFO  Waiters:18 - Start waiting
2018-08-10 14:10:32 INFO  Waiters:25 - Finish waiting
2018-08-10 14:10:32 INFO  Waiters:18 - Start waiting
2018-08-10 14:10:32 INFO  Waiters:25 - Finish waiting
2018-08-10 14:10:32 INFO  Waiters:18 - Start waiting
2018-08-10 14:10:32 INFO  Waiters:25 - Finish waiting
2018-08-10 14:10:32 INFO  Waiters:18 - Start waiting
2018-08-10 14:10:33 INFO  Waiters:25 - Finish waiting
2018-08-10 14:10:33 INFO  MainPageHeaderLinks:44 - Get actual title
2018-08-10 14:10:33 INFO  MainPageHeaderLinks:44 - Get current URL
2018-08-10 14:10:33 INFO  MainPageHeaderLinks:44 - The Ria.com link is successfully loaded
2018-08-10 14:10:34 INFO  ConfigForTests:23 - Close Auto Ria
2018-08-10 14:10:58 INFO  ConfigForTests:23 -  Launch Auto Ria page
2018-08-10 14:10:58 INFO  MainPageHeaderLinks:44 - Click on Ria.com link
2018-08-10 14:10:58 INFO  Waiters:18 - Start waiting
2018-08-10 14:10:58 INFO  Waiters:25 - Finish waiting
2018-08-10 14:10:58 INFO  Waiters:18 - Start waiting
2018-08-10 14:10:58 INFO  Waiters:25 - Finish waiting
2018-08-10 14:10:58 INFO  Waiters:18 - Start waiting
2018-08-10 14:10:58 INFO  Waiters:25 - Finish waiting
2018-08-10 14:10:59 INFO  Waiters:18 - Start waiting
2018-08-10 14:10:59 INFO  Waiters:25 - Finish waiting
2018-08-10 14:10:59 INFO  Waiters:18 - Start waiting
2018-08-10 14:11:00 INFO  Waiters:25 - Finish waiting
2018-08-10 14:11:00 INFO  MainPageHeaderLinks:44 - Get actual title
2018-08-10 14:11:00 INFO  MainPageHeaderLinks:44 - Get current URL
2018-08-10 14:11:01 INFO  MainPageHeaderLinks:44 - The Ria.com link is successfully loaded
2018-08-10 14:11:01 INFO  ConfigForTests:23 - Close Auto Ria
2018-08-10 14:14:31 INFO  ConfigForTests:23 -  Launch Auto Ria page
2018-08-10 14:14:31 INFO  MainPageHeaderLinks:44 - Click on Ria.com link
2018-08-10 14:14:31 INFO  Waiters:18 - Start waiting
2018-08-10 14:14:31 INFO  Waiters:25 - Finish waiting
2018-08-10 14:14:31 INFO  Waiters:18 - Start waiting
2018-08-10 14:14:31 INFO  Waiters:25 - Finish waiting
2018-08-10 14:14:31 INFO  Waiters:18 - Start waiting
2018-08-10 14:14:31 INFO  Waiters:25 - Finish waiting
2018-08-10 14:14:31 INFO  Waiters:18 - Start waiting
2018-08-10 14:14:31 INFO  Waiters:25 - Finish waiting
2018-08-10 14:14:31 INFO  Waiters:18 - Start waiting
2018-08-10 14:14:35 INFO  Waiters:25 - Finish waiting
2018-08-10 14:14:35 INFO  MainPageHeaderLinks:44 - Get actual title
2018-08-10 14:14:35 INFO  MainPageHeaderLinks:44 - Get current URL
2018-08-10 14:14:35 INFO  MainPageHeaderLinks:44 - The Ria.com link is successfully loaded
2018-08-10 14:14:36 INFO  ConfigForTests:23 - Close Auto Ria
2018-08-10 14:14:57 INFO  ConfigForTests:23 -  Launch Auto Ria page
2018-08-10 14:14:57 INFO  MainPageHeaderLinks:44 - Click on Ria.com link
2018-08-10 14:14:57 INFO  Waiters:18 - Start waiting
2018-08-10 14:14:57 INFO  Waiters:25 - Finish waiting
2018-08-10 14:14:57 INFO  Waiters:18 - Start waiting
2018-08-10 14:14:57 INFO  Waiters:25 - Finish waiting
2018-08-10 14:14:57 INFO  Waiters:18 - Start waiting
2018-08-10 14:14:57 INFO  Waiters:25 - Finish waiting
2018-08-10 14:14:57 INFO  Waiters:18 - Start waiting
2018-08-10 14:14:57 INFO  Waiters:25 - Finish waiting
2018-08-10 14:14:57 INFO  Waiters:18 - Start waiting
2018-08-10 14:14:58 INFO  Waiters:25 - Finish waiting
2018-08-10 14:14:58 INFO  MainPageHeaderLinks:44 - Get actual title
2018-08-10 14:14:58 INFO  MainPageHeaderLinks:44 - Get current URL
2018-08-10 14:14:59 INFO  MainPageHeaderLinks:44 - The Ria.com link is successfully loaded
2018-08-10 14:14:59 INFO  ConfigForTests:23 - Close Auto Ria
2018-08-10 15:13:01 INFO  ConfigForTests:23 -  Launch Auto Ria page
2018-08-10 15:13:03 INFO  MainPageSearch:64 - Select car brand
2018-08-10 15:13:03 INFO  MainPageSearch:64 - Select car model
2018-08-10 15:13:03 INFO  MainPageSearch:64 - Click search button
2018-08-10 15:13:08 INFO  SearchPageResults:37 - Check the results of search for the brand and mark car
2018-08-10 15:13:09 INFO  ConfigForTests:23 - Close Auto Ria
2018-08-10 15:13:15 INFO  ConfigForTests:23 -  Launch Auto Ria page
2018-08-10 15:13:15 INFO  MainPageSearch:64 - Select car brand
2018-08-10 15:13:16 INFO  MainPageSearch:64 - Select car model
2018-08-10 15:13:17 INFO  MainPageSearch:64 - Click search button
2018-08-10 15:13:22 INFO  SearchPageResults:37 - Check the results of search for the brand and mark car
2018-08-10 15:13:23 INFO  ConfigForTests:23 - Close Auto Ria
2018-08-10 15:13:29 INFO  ConfigForTests:23 -  Launch Auto Ria page
2018-08-10 15:13:30 INFO  MainPageSearch:64 - Select car brand
2018-08-10 15:13:30 INFO  MainPageSearch:64 - Select car model
2018-08-10 15:13:30 INFO  MainPageSearch:64 - Click search button
2018-08-10 15:13:34 INFO  SearchPageResults:37 - Check the results of search for the brand and mark car
2018-08-10 15:13:35 INFO  ConfigForTests:23 - Close Auto Ria
2018-08-10 15:13:44 INFO  ConfigForTests:23 -  Launch Auto Ria page
2018-08-10 15:13:44 INFO  MainPageSearch:64 - Select price from
2018-08-10 15:13:45 INFO  MainPageSearch:64 - Select price to
2018-08-10 15:13:45 INFO  MainPageSearch:64 - Click search button
2018-08-10 15:13:48 INFO  SearchPageResults:37 - Check the results of search for the price
2018-08-10 15:13:49 INFO  ConfigForTests:23 - Close Auto Ria
2018-08-10 15:13:55 INFO  ConfigForTests:23 -  Launch Auto Ria page
2018-08-10 15:13:55 INFO  MainPageSearch:64 - Select price from
2018-08-10 15:13:56 INFO  MainPageSearch:64 - Select price to
2018-08-10 15:13:56 INFO  MainPageSearch:64 - Click search button
2018-08-10 15:14:00 INFO  SearchPageResults:37 - Check the results of search for the price
2018-08-10 15:14:01 INFO  ConfigForTests:23 - Close Auto Ria
2018-08-10 15:14:07 INFO  ConfigForTests:23 -  Launch Auto Ria page
2018-08-10 15:14:07 INFO  MainPageSearch:64 - Select price from
2018-08-10 15:14:08 INFO  MainPageSearch:64 - Select price to
2018-08-10 15:14:08 INFO  MainPageSearch:64 - Click search button
2018-08-10 15:14:11 INFO  SearchPageResults:37 - Check the results of search for the price
2018-08-10 15:14:12 INFO  ConfigForTests:23 - Close Auto Ria
2018-08-10 15:14:18 INFO  ConfigForTests:23 -  Launch Auto Ria page
2018-08-10 15:14:19 INFO  MainPageSearch:64 - Select region
2018-08-10 15:14:19 INFO  MainPageSearch:64 - Click search button
2018-08-10 15:14:22 INFO  SearchPageResults:37 - Check the results of search for the region
2018-08-10 15:14:22 INFO  ConfigForTests:23 - Screenshot have been added to Allure Report.
2018-08-10 15:14:23 INFO  ConfigForTests:23 - Close Auto Ria
2018-08-10 15:14:29 INFO  ConfigForTests:23 -  Launch Auto Ria page
2018-08-10 15:14:30 INFO  MainPageSearch:64 - Select region
2018-08-10 15:14:30 INFO  MainPageSearch:64 - Click search button
2018-08-10 15:14:33 INFO  SearchPageResults:37 - Check the results of search for the region
2018-08-10 15:14:33 INFO  ConfigForTests:23 - Screenshot have been added to Allure Report.
2018-08-10 15:14:34 INFO  ConfigForTests:23 - Close Auto Ria
2018-08-10 15:14:41 INFO  ConfigForTests:23 -  Launch Auto Ria page
2018-08-10 15:14:42 INFO  MainPageSearch:64 - Select region
2018-08-10 15:14:42 INFO  MainPageSearch:64 - Click search button
2018-08-10 15:14:45 INFO  SearchPageResults:37 - Check the results of search for the region
2018-08-10 15:14:46 INFO  ConfigForTests:23 - Close Auto Ria
2018-08-10 15:14:52 INFO  ConfigForTests:23 -  Launch Auto Ria page
2018-08-10 15:14:52 INFO  MainPageSearch:64 - Select year from
2018-08-10 15:14:52 INFO  MainPageSearch:64 - Select year to
2018-08-10 15:14:52 INFO  MainPageSearch:64 - Click search button
2018-08-10 15:14:56 INFO  SearchPageResults:37 - Check the results of search for the year
2018-08-10 15:14:57 INFO  ConfigForTests:23 - Close Auto Ria
2018-08-10 15:15:05 INFO  ConfigForTests:23 -  Launch Auto Ria page
2018-08-10 15:15:06 INFO  MainPageSearch:64 - Select year from
2018-08-10 15:15:06 INFO  MainPageSearch:64 - Select year to
2018-08-10 15:15:06 INFO  MainPageSearch:64 - Click search button
2018-08-10 15:15:10 INFO  SearchPageResults:37 - Check the results of search for the year
2018-08-10 15:15:11 INFO  ConfigForTests:23 - Close Auto Ria
2018-08-10 15:15:17 INFO  ConfigForTests:23 -  Launch Auto Ria page
2018-08-10 15:15:17 INFO  MainPageSearch:64 - Select year from
2018-08-10 15:15:17 INFO  MainPageSearch:64 - Select year to
2018-08-10 15:15:18 INFO  MainPageSearch:64 - Click search button
2018-08-10 15:15:22 INFO  SearchPageResults:37 - Check the results of search for the year
2018-08-10 15:15:23 INFO  ConfigForTests:23 - Close Auto Ria
2018-08-10 15:18:28 INFO  ConfigForTests:23 -  Launch Auto Ria page
2018-08-10 15:18:28 INFO  MainPageHeaderLinks:44 - Click on ?????????? link
2018-08-10 15:18:28 INFO  Waiters:18 - Start waiting
2018-08-10 15:18:28 INFO  Waiters:25 - Finish waiting
2018-08-10 15:18:28 INFO  Waiters:18 - Start waiting
2018-08-10 15:18:29 INFO  Waiters:25 - Finish waiting
2018-08-10 15:18:29 INFO  Waiters:18 - Start waiting
2018-08-10 15:18:29 INFO  Waiters:25 - Finish waiting
2018-08-10 15:18:29 INFO  Waiters:18 - Start waiting
2018-08-10 15:18:29 INFO  Waiters:25 - Finish waiting
2018-08-10 15:18:29 INFO  Waiters:18 - Start waiting
2018-08-10 15:18:30 INFO  Waiters:25 - Finish waiting
2018-08-10 15:18:30 INFO  MainPageHeaderLinks:44 - Get actual title
2018-08-10 15:18:30 INFO  MainPageHeaderLinks:44 - Get current URL
2018-08-10 15:18:30 INFO  MainPageHeaderLinks:44 - The ?????????? link is successfully loaded
2018-08-10 15:18:32 INFO  ConfigForTests:23 - Close Auto Ria
2018-08-10 15:18:40 INFO  ConfigForTests:23 -  Launch Auto Ria page
2018-08-10 15:18:40 INFO  MainPageHeaderLinks:44 - Click on ?????????????? link
2018-08-10 15:18:40 INFO  Waiters:18 - Start waiting
2018-08-10 15:18:40 INFO  Waiters:25 - Finish waiting
2018-08-10 15:18:40 INFO  Waiters:18 - Start waiting
2018-08-10 15:18:40 INFO  Waiters:25 - Finish waiting
2018-08-10 15:18:40 INFO  Waiters:18 - Start waiting
2018-08-10 15:18:40 INFO  Waiters:25 - Finish waiting
2018-08-10 15:18:40 INFO  Waiters:18 - Start waiting
2018-08-10 15:18:40 INFO  Waiters:25 - Finish waiting
2018-08-10 15:18:40 INFO  Waiters:18 - Start waiting
2018-08-10 15:18:41 INFO  Waiters:25 - Finish waiting
2018-08-10 15:18:41 INFO  MainPageHeaderLinks:44 - Get actual title
2018-08-10 15:18:41 INFO  MainPageHeaderLinks:44 - Get current URL
2018-08-10 15:18:41 INFO  MainPageHeaderLinks:44 - The ?????????????? link is successfully loaded
2018-08-10 15:18:42 INFO  ConfigForTests:23 - Close Auto Ria
2018-08-10 15:18:48 INFO  ConfigForTests:23 -  Launch Auto Ria page
2018-08-10 15:18:48 INFO  MainPageHeaderLinks:44 - Click on ??????????? link
2018-08-10 15:18:48 INFO  Waiters:18 - Start waiting
2018-08-10 15:18:48 INFO  Waiters:25 - Finish waiting
2018-08-10 15:18:48 INFO  Waiters:18 - Start waiting
2018-08-10 15:18:48 INFO  Waiters:25 - Finish waiting
2018-08-10 15:18:48 INFO  Waiters:18 - Start waiting
2018-08-10 15:18:48 INFO  Waiters:25 - Finish waiting
2018-08-10 15:18:48 INFO  Waiters:18 - Start waiting
2018-08-10 15:18:48 INFO  Waiters:25 - Finish waiting
2018-08-10 15:18:48 INFO  Waiters:18 - Start waiting
2018-08-10 15:18:50 INFO  Waiters:25 - Finish waiting
2018-08-10 15:18:50 INFO  MainPageHeaderLinks:44 - Get actual title
2018-08-10 15:18:50 INFO  MainPageHeaderLinks:44 - Get current URL
2018-08-10 15:18:50 INFO  MainPageHeaderLinks:44 - The ??????????? link is successfully loaded
2018-08-10 15:18:51 INFO  ConfigForTests:23 - Close Auto Ria
2018-08-10 15:18:58 INFO  ConfigForTests:23 -  Launch Auto Ria page
2018-08-10 15:18:59 INFO  MainPageHeaderLinks:44 - Click on Ria.com link
2018-08-10 15:18:59 INFO  Waiters:18 - Start waiting
2018-08-10 15:18:59 INFO  Waiters:25 - Finish waiting
2018-08-10 15:18:59 INFO  Waiters:18 - Start waiting
2018-08-10 15:18:59 INFO  Waiters:25 - Finish waiting
2018-08-10 15:18:59 INFO  Waiters:18 - Start waiting
2018-08-10 15:18:59 INFO  Waiters:25 - Finish waiting
2018-08-10 15:18:59 INFO  Waiters:18 - Start waiting
2018-08-10 15:18:59 INFO  Waiters:25 - Finish waiting
2018-08-10 15:18:59 INFO  Waiters:18 - Start waiting
2018-08-10 15:19:00 INFO  Waiters:25 - Finish waiting
2018-08-10 15:19:00 INFO  MainPageHeaderLinks:44 - Get actual title
2018-08-10 15:19:00 INFO  MainPageHeaderLinks:44 - Get current URL
2018-08-10 15:19:00 INFO  MainPageHeaderLinks:44 - The Ria.com link is successfully loaded
2018-08-10 15:19:01 INFO  ConfigForTests:23 - Close Auto Ria
2018-08-10 15:19:08 INFO  ConfigForTests:23 -  Launch Auto Ria page
2018-08-10 15:19:11 INFO  MainPageLogin:66 - Click on login link
2018-08-10 15:19:21 INFO  MainPageLogin:66 - Switch to frame
2018-08-10 15:19:21 INFO  MainPageLogin:66 - Click on registration link
2018-08-10 15:19:22 INFO  MainPageLogin:66 - Input the telephone number
2018-08-10 15:19:22 INFO  MainPageLogin:66 -  Click on the continue button
2018-08-10 15:19:22 INFO  MainPageLogin:66 -  Get the message
2018-08-10 15:19:23 INFO  ConfigForTests:23 - Close Auto Ria
2018-08-10 15:19:29 INFO  ConfigForTests:23 -  Launch Auto Ria page
2018-08-10 15:19:30 INFO  MainPageSearch:64 - Select car brand
2018-08-10 15:19:30 INFO  MainPageSearch:64 - Select car model
2018-08-10 15:19:30 INFO  MainPageSearch:64 - Click search button
2018-08-10 15:19:34 INFO  SearchPageResults:37 - Check the results of search for the brand and mark car
2018-08-10 15:19:35 INFO  ConfigForTests:23 - Close Auto Ria
2018-08-10 15:19:42 INFO  ConfigForTests:23 -  Launch Auto Ria page
2018-08-10 15:19:43 INFO  MainPageSearch:64 - Select car brand
2018-08-10 15:19:44 INFO  MainPageSearch:64 - Select car model
2018-08-10 15:19:44 INFO  MainPageSearch:64 - Click search button
2018-08-10 15:19:48 INFO  SearchPageResults:37 - Check the results of search for the brand and mark car
2018-08-10 15:19:49 INFO  ConfigForTests:23 - Close Auto Ria
2018-08-10 15:19:55 INFO  ConfigForTests:23 -  Launch Auto Ria page
2018-08-10 15:19:56 INFO  MainPageSearch:64 - Select car brand
2018-08-10 15:19:56 INFO  MainPageSearch:64 - Select car model
2018-08-10 15:19:56 INFO  MainPageSearch:64 - Click search button
2018-08-10 15:20:00 INFO  SearchPageResults:37 - Check the results of search for the brand and mark car
2018-08-10 15:20:01 INFO  ConfigForTests:23 - Close Auto Ria
2018-08-10 15:20:08 INFO  ConfigForTests:23 -  Launch Auto Ria page
2018-08-10 15:20:08 INFO  MainPageSearch:64 - Select price from
2018-08-10 15:20:08 INFO  MainPageSearch:64 - Select price to
2018-08-10 15:20:08 INFO  MainPageSearch:64 - Click search button
2018-08-10 15:20:12 INFO  SearchPageResults:37 - Check the results of search for the price
2018-08-10 15:20:13 INFO  ConfigForTests:23 - Close Auto Ria
2018-08-10 15:20:19 INFO  ConfigForTests:23 -  Launch Auto Ria page
2018-08-10 15:20:19 INFO  MainPageSearch:64 - Select price from
2018-08-10 15:20:20 INFO  MainPageSearch:64 - Select price to
2018-08-10 15:20:20 INFO  MainPageSearch:64 - Click search button
2018-08-10 15:20:23 INFO  SearchPageResults:37 - Check the results of search for the price
2018-08-10 15:20:24 INFO  ConfigForTests:23 - Close Auto Ria
2018-08-10 15:20:30 INFO  ConfigForTests:23 -  Launch Auto Ria page
2018-08-10 15:20:30 INFO  MainPageSearch:64 - Select price from
2018-08-10 15:20:30 INFO  MainPageSearch:64 - Select price to
2018-08-10 15:20:30 INFO  MainPageSearch:64 - Click search button
2018-08-10 15:20:34 INFO  SearchPageResults:37 - Check the results of search for the price
2018-08-10 15:20:35 INFO  ConfigForTests:23 - Close Auto Ria
2018-08-10 15:20:41 INFO  ConfigForTests:23 -  Launch Auto Ria page
2018-08-10 15:20:41 INFO  MainPageSearch:64 - Select region
2018-08-10 15:20:41 INFO  MainPageSearch:64 - Click search button
2018-08-10 15:20:44 INFO  SearchPageResults:37 - Check the results of search for the region
2018-08-10 15:20:44 INFO  ConfigForTests:23 - Screenshot have been added to Allure Report.
2018-08-10 15:20:47 INFO  ConfigForTests:23 - Close Auto Ria
2018-08-10 15:20:51 INFO  ConfigForTests:23 -  Launch Auto Ria page
2018-08-10 15:21:12 INFO  ConfigForTests:23 - Screenshot have been added to Allure Report.
2018-08-10 15:21:13 INFO  ConfigForTests:23 - Close Auto Ria
2018-08-10 15:21:20 INFO  ConfigForTests:23 -  Launch Auto Ria page
2018-08-10 15:21:22 INFO  MainPageSearch:64 - Select region
2018-08-10 15:21:22 INFO  MainPageSearch:64 - Click search button
2018-08-10 15:21:27 INFO  SearchPageResults:37 - Check the results of search for the region
2018-08-10 15:21:28 INFO  ConfigForTests:23 - Close Auto Ria
2018-08-10 15:21:35 INFO  ConfigForTests:23 -  Launch Auto Ria page
2018-08-10 15:21:35 INFO  MainPageSearch:64 - Select year from
2018-08-10 15:21:35 INFO  MainPageSearch:64 - Select year to
2018-08-10 15:21:35 INFO  MainPageSearch:64 - Click search button
2018-08-10 15:21:40 INFO  SearchPageResults:37 - Check the results of search for the year
2018-08-10 15:21:41 INFO  ConfigForTests:23 - Close Auto Ria
2018-08-10 15:21:53 INFO  ConfigForTests:23 -  Launch Auto Ria page
2018-08-10 15:21:53 INFO  MainPageSearch:64 - Select year from
2018-08-10 15:21:54 INFO  MainPageSearch:64 - Select year to
2018-08-10 15:21:54 INFO  MainPageSearch:64 - Click search button
2018-08-10 15:22:06 INFO  SearchPageResults:37 - Check the results of search for the year
2018-08-10 15:22:07 INFO  ConfigForTests:23 - Close Auto Ria
2018-08-10 15:22:13 INFO  ConfigForTests:23 -  Launch Auto Ria page
2018-08-10 15:22:13 INFO  MainPageSearch:64 - Select year from
2018-08-10 15:22:14 INFO  MainPageSearch:64 - Select year to
2018-08-10 15:22:14 INFO  MainPageSearch:64 - Click search button
2018-08-10 15:22:18 INFO  SearchPageResults:37 - Check the results of search for the year
2018-08-10 15:22:19 INFO  ConfigForTests:23 - Close Auto Ria
2018-08-10 15:31:24 INFO  ApiTests:17 - The auto data description is correctly
2018-08-10 15:38:30 INFO  ApiTests:20 - The name of brand car that was given in the request coincides with response
2018-08-13 10:43:19 INFO  ApiTests:20 - The names of cities Кондиционер Подогрев сидений Сенсор дождя are contained in the response.
2018-08-13 10:46:14 INFO  ApiTests:19 - The name of brand car that was given in the request coincides with response
2018-08-13 10:46:15 INFO  ApiTests:19 - The count of pages that was given in the request coincides with response
2018-08-13 10:46:15 INFO  ApiTests:19 - The auto data description is correctly
2018-08-13 10:46:16 INFO  ApiTests:19 - The marka id that was given in the request coincides with response
2018-08-13 10:46:16 INFO  ApiTests:19 - The names of cities Казатин Литин Мурованые Куриловцы are contained in the response.
2018-08-13 10:46:16 INFO  ApiTests:19 - The names of options Кондиционер Подогрев сидений Сенсор дождя are contained in the response.
2018-08-13 10:47:29 INFO  ApiTests:19 - The name of brand car that was given in the request coincides with response
2018-08-13 10:47:30 INFO  ApiTests:19 - The count of pages that was given in the request coincides with response
2018-08-13 10:47:30 INFO  ApiTests:19 - The auto data description is correctly
2018-08-13 10:47:30 INFO  ApiTests:19 - The marka id that was given in the request coincides with response
2018-08-13 10:47:31 INFO  ApiTests:19 - The names of cities ??????? ????? ????????? ????????? are contained in the response.
2018-08-13 10:47:31 INFO  ApiTests:19 - The names of options ??????????? ???????? ??????? ?????? ????? are contained in the response.
2018-08-13 10:47:39 INFO  ConfigForTests:23 -  Launch Auto Ria page
2018-08-13 10:47:39 INFO  MainPageHeaderLinks:44 - Click on ?????????? link
2018-08-13 10:47:39 INFO  Waiters:18 - Start waiting
2018-08-13 10:47:39 INFO  Waiters:25 - Finish waiting
2018-08-13 10:47:39 INFO  Waiters:18 - Start waiting
2018-08-13 10:47:39 INFO  Waiters:25 - Finish waiting
2018-08-13 10:47:39 INFO  Waiters:18 - Start waiting
2018-08-13 10:47:39 INFO  Waiters:25 - Finish waiting
2018-08-13 10:47:39 INFO  Waiters:18 - Start waiting
2018-08-13 10:47:39 INFO  Waiters:25 - Finish waiting
2018-08-13 10:47:39 INFO  Waiters:18 - Start waiting
2018-08-13 10:47:41 INFO  Waiters:25 - Finish waiting
2018-08-13 10:47:41 INFO  MainPageHeaderLinks:44 - Get actual title
2018-08-13 10:47:41 INFO  MainPageHeaderLinks:44 - Get current URL
2018-08-13 10:47:41 INFO  MainPageHeaderLinks:44 - The ?????????? link is successfully loaded
2018-08-13 10:47:42 INFO  ConfigForTests:23 - Close Auto Ria
2018-08-13 10:47:48 INFO  ConfigForTests:23 -  Launch Auto Ria page
2018-08-13 10:47:48 INFO  MainPageHeaderLinks:44 - Click on ?????????????? link
2018-08-13 10:47:48 INFO  Waiters:18 - Start waiting
2018-08-13 10:47:48 INFO  Waiters:25 - Finish waiting
2018-08-13 10:47:48 INFO  Waiters:18 - Start waiting
2018-08-13 10:47:48 INFO  Waiters:25 - Finish waiting
2018-08-13 10:47:48 INFO  Waiters:18 - Start waiting
2018-08-13 10:47:48 INFO  Waiters:25 - Finish waiting
2018-08-13 10:47:48 INFO  Waiters:18 - Start waiting
2018-08-13 10:47:48 INFO  Waiters:25 - Finish waiting
2018-08-13 10:47:48 INFO  Waiters:18 - Start waiting
2018-08-13 10:47:49 INFO  Waiters:25 - Finish waiting
2018-08-13 10:47:49 INFO  MainPageHeaderLinks:44 - Get actual title
2018-08-13 10:47:49 INFO  MainPageHeaderLinks:44 - Get current URL
2018-08-13 10:47:49 INFO  MainPageHeaderLinks:44 - The ?????????????? link is successfully loaded
2018-08-13 10:47:50 INFO  ConfigForTests:23 - Close Auto Ria
2018-08-13 10:47:56 INFO  ConfigForTests:23 -  Launch Auto Ria page
2018-08-13 10:47:57 INFO  MainPageHeaderLinks:44 - Click on ??????????? link
2018-08-13 10:47:57 INFO  Waiters:18 - Start waiting
2018-08-13 10:47:57 INFO  Waiters:25 - Finish waiting
2018-08-13 10:47:57 INFO  Waiters:18 - Start waiting
2018-08-13 10:47:57 INFO  Waiters:25 - Finish waiting
2018-08-13 10:47:57 INFO  Waiters:18 - Start waiting
2018-08-13 10:47:57 INFO  Waiters:25 - Finish waiting
2018-08-13 10:47:57 INFO  Waiters:18 - Start waiting
2018-08-13 10:47:57 INFO  Waiters:25 - Finish waiting
2018-08-13 10:47:57 INFO  Waiters:18 - Start waiting
2018-08-13 10:47:59 INFO  Waiters:25 - Finish waiting
2018-08-13 10:48:00 INFO  MainPageHeaderLinks:44 - Get actual title
2018-08-13 10:48:00 INFO  MainPageHeaderLinks:44 - Get current URL
2018-08-13 10:48:00 INFO  MainPageHeaderLinks:44 - The ??????????? link is successfully loaded
2018-08-13 10:48:01 INFO  ConfigForTests:23 - Close Auto Ria
2018-08-13 10:48:07 INFO  ConfigForTests:23 -  Launch Auto Ria page
2018-08-13 10:48:07 INFO  MainPageHeaderLinks:44 - Click on Ria.com link
2018-08-13 10:48:07 INFO  Waiters:18 - Start waiting
2018-08-13 10:48:07 INFO  Waiters:25 - Finish waiting
2018-08-13 10:48:07 INFO  Waiters:18 - Start waiting
2018-08-13 10:48:07 INFO  Waiters:25 - Finish waiting
2018-08-13 10:48:07 INFO  Waiters:18 - Start waiting
2018-08-13 10:48:07 INFO  Waiters:25 - Finish waiting
2018-08-13 10:48:07 INFO  Waiters:18 - Start waiting
2018-08-13 10:48:07 INFO  Waiters:25 - Finish waiting
2018-08-13 10:48:07 INFO  Waiters:18 - Start waiting
2018-08-13 10:48:09 INFO  Waiters:25 - Finish waiting
2018-08-13 10:48:09 INFO  MainPageHeaderLinks:44 - Get actual title
2018-08-13 10:48:09 INFO  MainPageHeaderLinks:44 - Get current URL
2018-08-13 10:48:09 INFO  MainPageHeaderLinks:44 - The Ria.com link is successfully loaded
2018-08-13 10:48:10 INFO  ConfigForTests:23 - Close Auto Ria
2018-08-13 10:48:17 INFO  ConfigForTests:23 -  Launch Auto Ria page
2018-08-13 10:48:19 INFO  MainPageLogin:66 - Click on login link
2018-08-13 10:48:29 INFO  MainPageLogin:66 - Switch to frame
2018-08-13 10:48:29 INFO  MainPageLogin:66 - Click on registration link
2018-08-13 10:48:30 INFO  MainPageLogin:66 - Input the telephone number
2018-08-13 10:48:30 INFO  MainPageLogin:66 -  Click on the continue button
2018-08-13 10:48:30 INFO  MainPageLogin:66 -  Get the message
2018-08-13 10:48:31 INFO  ConfigForTests:23 - Close Auto Ria
2018-08-13 10:48:37 INFO  ConfigForTests:23 -  Launch Auto Ria page
2018-08-13 10:48:37 INFO  MainPageSearch:64 - Select car brand
2018-08-13 10:48:38 INFO  MainPageSearch:64 - Select car model
2018-08-13 10:48:38 INFO  MainPageSearch:64 - Click search button
2018-08-13 10:48:42 INFO  SearchPageResults:37 - Check the results of search for the brand and mark car
2018-08-13 10:48:43 INFO  ConfigForTests:23 - Close Auto Ria
2018-08-13 10:48:50 INFO  ConfigForTests:23 -  Launch Auto Ria page
2018-08-13 10:48:50 INFO  MainPageSearch:64 - Select car brand
2018-08-13 10:48:51 INFO  MainPageSearch:64 - Select car model
2018-08-13 10:48:51 INFO  MainPageSearch:64 - Click search button
2018-08-13 10:49:01 INFO  SearchPageResults:37 - Check the results of search for the brand and mark car
2018-08-13 10:49:01 INFO  ConfigForTests:23 - Screenshot have been added to Allure Report.
2018-08-13 10:49:03 INFO  ConfigForTests:23 - Close Auto Ria
2018-08-13 10:49:09 INFO  ConfigForTests:23 -  Launch Auto Ria page
2018-08-13 10:49:10 INFO  MainPageSearch:64 - Select car brand
2018-08-13 10:49:10 INFO  MainPageSearch:64 - Select car model
2018-08-13 10:49:10 INFO  MainPageSearch:64 - Click search button
2018-08-13 10:49:20 INFO  SearchPageResults:37 - Check the results of search for the brand and mark car
2018-08-13 10:49:20 INFO  ConfigForTests:23 - Screenshot have been added to Allure Report.
2018-08-13 10:49:21 INFO  ConfigForTests:23 - Close Auto Ria
2018-08-13 10:49:28 INFO  ConfigForTests:23 -  Launch Auto Ria page
2018-08-13 10:49:28 INFO  MainPageSearch:64 - Select price from
2018-08-13 10:49:28 INFO  MainPageSearch:64 - Select price to
2018-08-13 10:49:28 INFO  MainPageSearch:64 - Click search button
2018-08-13 10:49:31 INFO  SearchPageResults:37 - Check the results of search for the price
2018-08-13 10:49:32 INFO  ConfigForTests:23 - Close Auto Ria
2018-08-13 10:49:39 INFO  ConfigForTests:23 -  Launch Auto Ria page
2018-08-13 10:49:39 INFO  MainPageSearch:64 - Select price from
2018-08-13 10:49:39 INFO  MainPageSearch:64 - Select price to
2018-08-13 10:49:39 INFO  MainPageSearch:64 - Click search button
2018-08-13 10:49:43 INFO  SearchPageResults:37 - Check the results of search for the price
2018-08-13 10:49:43 INFO  ConfigForTests:23 - Close Auto Ria
2018-08-13 10:49:49 INFO  ConfigForTests:23 -  Launch Auto Ria page
2018-08-13 10:49:50 INFO  MainPageSearch:64 - Select price from
2018-08-13 10:49:50 INFO  MainPageSearch:64 - Select price to
2018-08-13 10:49:50 INFO  MainPageSearch:64 - Click search button
2018-08-13 10:49:53 INFO  SearchPageResults:37 - Check the results of search for the price
2018-08-13 10:49:54 INFO  ConfigForTests:23 - Close Auto Ria
2018-08-13 10:50:00 INFO  ConfigForTests:23 -  Launch Auto Ria page
2018-08-13 10:50:00 INFO  MainPageSearch:64 - Select region
2018-08-13 10:50:01 INFO  MainPageSearch:64 - Click search button
2018-08-13 10:50:04 INFO  SearchPageResults:37 - Check the results of search for the region
2018-08-13 10:50:04 INFO  ConfigForTests:23 - Screenshot have been added to Allure Report.
2018-08-13 10:50:05 INFO  ConfigForTests:23 - Close Auto Ria
2018-08-13 10:50:12 INFO  ConfigForTests:23 -  Launch Auto Ria page
2018-08-13 10:50:12 INFO  MainPageSearch:64 - Select region
2018-08-13 10:50:12 INFO  MainPageSearch:64 - Click search button
2018-08-13 10:50:16 INFO  SearchPageResults:37 - Check the results of search for the region
2018-08-13 10:50:16 INFO  ConfigForTests:23 - Screenshot have been added to Allure Report.
2018-08-13 10:50:17 INFO  ConfigForTests:23 - Close Auto Ria
2018-08-13 10:50:24 INFO  ConfigForTests:23 -  Launch Auto Ria page
2018-08-13 10:50:24 INFO  MainPageSearch:64 - Select region
2018-08-13 10:50:24 INFO  MainPageSearch:64 - Click search button
2018-08-13 10:50:31 INFO  SearchPageResults:37 - Check the results of search for the region
2018-08-13 10:50:31 INFO  ConfigForTests:23 - Close Auto Ria
2018-08-13 10:50:37 INFO  ConfigForTests:23 -  Launch Auto Ria page
2018-08-13 10:50:38 INFO  MainPageSearch:64 - Select year from
2018-08-13 10:50:38 INFO  MainPageSearch:64 - Select year to
2018-08-13 10:50:38 INFO  MainPageSearch:64 - Click search button
2018-08-13 10:50:42 INFO  SearchPageResults:37 - Check the results of search for the year
2018-08-13 10:50:43 INFO  ConfigForTests:23 - Close Auto Ria
2018-08-13 10:50:49 INFO  ConfigForTests:23 -  Launch Auto Ria page
2018-08-13 10:50:50 INFO  MainPageSearch:64 - Select year from
2018-08-13 10:50:50 INFO  MainPageSearch:64 - Select year to
2018-08-13 10:50:50 INFO  MainPageSearch:64 - Click search button
2018-08-13 10:50:54 INFO  SearchPageResults:37 - Check the results of search for the year
2018-08-13 10:50:55 INFO  ConfigForTests:23 - Close Auto Ria
2018-08-13 10:51:01 INFO  ConfigForTests:23 -  Launch Auto Ria page
2018-08-13 10:51:01 INFO  MainPageSearch:64 - Select year from
2018-08-13 10:51:01 INFO  MainPageSearch:64 - Select year to
2018-08-13 10:51:01 INFO  MainPageSearch:64 - Click search button
2018-08-13 10:51:05 INFO  SearchPageResults:37 - Check the results of search for the year
2018-08-13 10:51:05 INFO  ConfigForTests:23 - Close Auto Ria
2018-08-13 10:54:31 INFO  ConfigForTests:23 -  Launch Auto Ria page
2018-08-13 10:54:31 INFO  MainPageSearch:64 - Select car brand
2018-08-13 10:54:32 INFO  MainPageSearch:64 - Select car model
2018-08-13 10:54:32 INFO  MainPageSearch:64 - Click search button
2018-08-13 10:54:42 INFO  SearchPageResults:37 - Check the results of search for the brand and mark car
2018-08-13 10:54:42 INFO  ConfigForTests:23 - Screenshot have been added to Allure Report.
2018-08-13 10:54:43 INFO  ConfigForTests:23 - Close Auto Ria
2018-08-13 10:54:50 INFO  ConfigForTests:23 -  Launch Auto Ria page
2018-08-13 10:54:50 INFO  MainPageSearch:64 - Select car brand
2018-08-13 10:54:51 INFO  MainPageSearch:64 - Select car model
2018-08-13 10:54:51 INFO  MainPageSearch:64 - Click search button
2018-08-13 10:55:01 INFO  SearchPageResults:37 - Check the results of search for the brand and mark car
2018-08-13 10:55:01 INFO  ConfigForTests:23 - Screenshot have been added to Allure Report.
2018-08-13 10:55:03 INFO  ConfigForTests:23 - Close Auto Ria
2018-08-13 10:55:09 INFO  ConfigForTests:23 -  Launch Auto Ria page
2018-08-13 10:55:10 INFO  MainPageSearch:64 - Select car brand
2018-08-13 10:55:10 INFO  MainPageSearch:64 - Select car model
2018-08-13 10:55:10 INFO  MainPageSearch:64 - Click search button
2018-08-13 10:55:14 INFO  SearchPageResults:37 - Check the results of search for the brand and mark car
2018-08-13 10:55:15 INFO  ConfigForTests:23 - Close Auto Ria
2018-08-13 12:15:04 INFO  ConfigForTests:24 -  Launch Auto Ria page
2018-08-13 12:15:04 INFO  MainPageHeaderLinks:45 - Click on Ria.com link
2018-08-13 12:15:04 INFO  Waiters:18 - Start waiting
2018-08-13 12:15:04 INFO  Waiters:25 - Finish waiting
2018-08-13 12:15:04 INFO  Waiters:18 - Start waiting
2018-08-13 12:15:04 INFO  Waiters:25 - Finish waiting
2018-08-13 12:15:04 INFO  Waiters:18 - Start waiting
2018-08-13 12:15:04 INFO  Waiters:25 - Finish waiting
2018-08-13 12:15:04 INFO  Waiters:18 - Start waiting
2018-08-13 12:15:04 INFO  Waiters:25 - Finish waiting
2018-08-13 12:15:04 INFO  Waiters:18 - Start waiting
2018-08-13 12:15:05 INFO  Waiters:25 - Finish waiting
2018-08-13 12:15:05 INFO  MainPageHeaderLinks:45 - Get actual title
2018-08-13 12:15:05 INFO  MainPageHeaderLinks:45 - Get current URL
2018-08-13 12:15:06 INFO  MainPageHeaderLinks:45 - The Ria.com link is successfully loaded
2018-08-13 12:15:06 INFO  ConfigForTests:24 - Close Auto Ria
2018-08-13 12:15:35 INFO  ConfigForTests:24 -  Launch Auto Ria page
2018-08-13 12:15:36 INFO  MainPageHeaderLinks:45 - Click on Ria.com link
2018-08-13 12:15:36 INFO  Waiters:18 - Start waiting
2018-08-13 12:15:36 INFO  Waiters:25 - Finish waiting
2018-08-13 12:15:36 INFO  Waiters:18 - Start waiting
2018-08-13 12:15:36 INFO  Waiters:25 - Finish waiting
2018-08-13 12:15:36 INFO  Waiters:18 - Start waiting
2018-08-13 12:15:36 INFO  Waiters:25 - Finish waiting
2018-08-13 12:15:36 INFO  Waiters:18 - Start waiting
2018-08-13 12:15:36 INFO  Waiters:25 - Finish waiting
2018-08-13 12:15:36 INFO  Waiters:18 - Start waiting
2018-08-13 12:15:40 INFO  Waiters:25 - Finish waiting
2018-08-13 12:15:40 INFO  MainPageHeaderLinks:45 - Get actual title
2018-08-13 12:15:40 INFO  MainPageHeaderLinks:45 - Get current URL
2018-08-13 12:15:40 INFO  MainPageHeaderLinks:45 - The Ria.com link is successfully loaded
2018-08-13 12:15:42 INFO  ConfigForTests:24 - Close Auto Ria
2018-08-13 12:23:38 INFO  ConfigForTests:24 -  Launch Auto Ria page
2018-08-13 12:23:38 INFO  MainPageHeaderLinks:45 - Click on Ria.com link
2018-08-13 12:23:39 INFO  Waiters:18 - Start waiting
2018-08-13 12:23:39 INFO  Waiters:25 - Finish waiting
2018-08-13 12:23:39 INFO  Waiters:18 - Start waiting
2018-08-13 12:23:39 INFO  Waiters:25 - Finish waiting
2018-08-13 12:23:39 INFO  Waiters:18 - Start waiting
2018-08-13 12:23:39 INFO  Waiters:25 - Finish waiting
2018-08-13 12:23:39 INFO  Waiters:18 - Start waiting
2018-08-13 12:23:39 INFO  Waiters:25 - Finish waiting
2018-08-13 12:23:39 INFO  Waiters:18 - Start waiting
2018-08-13 12:23:40 INFO  Waiters:25 - Finish waiting
2018-08-13 12:23:40 INFO  MainPageHeaderLinks:45 - Get actual title
2018-08-13 12:23:40 INFO  MainPageHeaderLinks:45 - Get current URL
2018-08-13 12:23:40 INFO  MainPageHeaderLinks:45 - The Ria.com link is successfully loaded
2018-08-13 12:23:41 INFO  ConfigForTests:24 - Close Auto Ria
2018-08-13 12:24:08 INFO  ConfigForTests:24 -  Launch Auto Ria page
2018-08-13 12:24:08 INFO  MainPageSearch:66 - Select car brand
2018-08-13 12:24:09 INFO  MainPageSearch:66 - Select car model
2018-08-13 12:24:09 INFO  MainPageSearch:66 - Click search button
2018-08-13 12:24:15 INFO  SearchPageResults:37 - Check the results of search for the brand and mark car
2018-08-13 12:24:16 INFO  ConfigForTests:24 - Close Auto Ria
2018-08-13 12:24:22 INFO  ConfigForTests:24 -  Launch Auto Ria page
2018-08-13 12:24:22 INFO  MainPageSearch:66 - Select car brand
2018-08-13 12:24:23 INFO  MainPageSearch:66 - Select car model
2018-08-13 12:24:23 INFO  MainPageSearch:66 - Click search button
2018-08-13 12:24:28 INFO  SearchPageResults:37 - Check the results of search for the brand and mark car
2018-08-13 12:24:29 INFO  ConfigForTests:24 - Close Auto Ria
2018-08-13 12:24:34 INFO  ConfigForTests:24 -  Launch Auto Ria page
2018-08-13 12:24:35 INFO  MainPageSearch:66 - Select car brand
2018-08-13 12:24:35 INFO  MainPageSearch:66 - Select car model
2018-08-13 12:24:35 INFO  MainPageSearch:66 - Click search button
2018-08-13 12:24:39 INFO  SearchPageResults:37 - Check the results of search for the brand and mark car
2018-08-13 12:24:40 INFO  ConfigForTests:24 - Close Auto Ria
